<?xml version="1.0" encoding="UTF-8"?>
<coverage generated="1675292667203" clover="3.2.0">
  <project timestamp="1675292667204" name="All files">
    <metrics statements="123" coveredstatements="114" conditionals="26" coveredconditionals="24" methods="51" coveredmethods="49" elements="200" coveredelements="187" complexity="0" loc="123" ncloc="123" packages="13" files="24" classes="24"/>
    <package name="src">
      <metrics statements="3" coveredstatements="1" conditionals="0" coveredconditionals="0" methods="1" coveredmethods="1"/>
      <file name="App.tsx" path="/Users/lucasribeiromoura/DEV/mks-frontend-challenge/src/App.tsx">
        <metrics statements="1" coveredstatements="1" conditionals="0" coveredconditionals="0" methods="1" coveredmethods="1"/>
        <line num="8" count="2" type="stmt"/>
      </file>
      <file name="index.tsx" path="/Users/lucasribeiromoura/DEV/mks-frontend-challenge/src/index.tsx">
        <metrics statements="2" coveredstatements="0" conditionals="0" coveredconditionals="0" methods="0" coveredmethods="0"/>
        <line num="8" count="0" type="stmt"/>
        <line num="11" count="0" type="stmt"/>
      </file>
    </package>
    <package name="src.components.Cards.CheckoutCard">
      <metrics statements="30" coveredstatements="30" conditionals="16" coveredconditionals="16" methods="11" coveredmethods="11"/>
      <file name="index.tsx" path="/Users/lucasribeiromoura/DEV/mks-frontend-challenge/src/components/Cards/CheckoutCard/index.tsx">
        <metrics statements="27" coveredstatements="27" conditionals="16" coveredconditionals="16" methods="11" coveredmethods="11"/>
        <line num="11" count="81" type="stmt"/>
        <line num="12" count="81" type="stmt"/>
        <line num="13" count="114" type="stmt"/>
        <line num="16" count="81" type="stmt"/>
        <line num="17" count="32" type="stmt"/>
        <line num="18" count="4" type="stmt"/>
        <line num="19" count="32" type="stmt"/>
        <line num="21" count="4" type="cond" truecount="4" falsecount="0"/>
        <line num="22" count="1" type="stmt"/>
        <line num="26" count="1" type="stmt"/>
        <line num="28" count="4" type="cond" truecount="4" falsecount="0"/>
        <line num="29" count="1" type="stmt"/>
        <line num="33" count="1" type="stmt"/>
        <line num="35" count="4" type="cond" truecount="4" falsecount="0"/>
        <line num="36" count="1" type="stmt"/>
        <line num="40" count="1" type="stmt"/>
        <line num="42" count="4" type="cond" truecount="4" falsecount="0"/>
        <line num="43" count="1" type="stmt"/>
        <line num="47" count="1" type="stmt"/>
        <line num="51" count="81" type="stmt"/>
        <line num="52" count="480" type="stmt"/>
        <line num="53" count="81" type="stmt"/>
        <line num="56" count="81" type="stmt"/>
        <line num="65" count="1" type="stmt"/>
        <line num="73" count="1" type="stmt"/>
        <line num="77" count="1" type="stmt"/>
        <line num="88" count="1" type="stmt"/>
      </file>
      <file name="styles.ts" path="/Users/lucasribeiromoura/DEV/mks-frontend-challenge/src/components/Cards/CheckoutCard/styles.ts">
        <metrics statements="3" coveredstatements="3" conditionals="0" coveredconditionals="0" methods="0" coveredmethods="0"/>
        <line num="3" count="2" type="stmt"/>
        <line num="41" count="2" type="stmt"/>
        <line num="55" count="2" type="stmt"/>
      </file>
    </package>
    <package name="src.components.Cards.ProductCard">
      <metrics statements="16" coveredstatements="16" conditionals="2" coveredconditionals="1" methods="6" coveredmethods="6"/>
      <file name="index.tsx" path="/Users/lucasribeiromoura/DEV/mks-frontend-challenge/src/components/Cards/ProductCard/index.tsx">
        <metrics statements="12" coveredstatements="12" conditionals="2" coveredconditionals="1" methods="6" coveredmethods="6"/>
        <line num="11" count="120" type="stmt"/>
        <line num="12" count="120" type="stmt"/>
        <line num="13" count="240" type="stmt"/>
        <line num="16" count="120" type="stmt"/>
        <line num="17" count="72" type="stmt"/>
        <line num="18" count="9" type="stmt"/>
        <line num="19" count="44" type="stmt"/>
        <line num="21" count="9" type="cond" truecount="1" falsecount="1"/>
        <line num="22" count="9" type="stmt"/>
        <line num="26" count="9" type="stmt"/>
        <line num="30" count="120" type="stmt"/>
        <line num="42" count="9" type="stmt"/>
      </file>
      <file name="styles.ts" path="/Users/lucasribeiromoura/DEV/mks-frontend-challenge/src/components/Cards/ProductCard/styles.ts">
        <metrics statements="4" coveredstatements="4" conditionals="0" coveredconditionals="0" methods="0" coveredmethods="0"/>
        <line num="3" count="2" type="stmt"/>
        <line num="30" count="2" type="stmt"/>
        <line num="52" count="2" type="stmt"/>
        <line num="70" count="2" type="stmt"/>
      </file>
    </package>
    <package name="src.components.Footer">
      <metrics statements="2" coveredstatements="2" conditionals="0" coveredconditionals="0" methods="1" coveredmethods="1"/>
      <file name="index.tsx" path="/Users/lucasribeiromoura/DEV/mks-frontend-challenge/src/components/Footer/index.tsx">
        <metrics statements="1" coveredstatements="1" conditionals="0" coveredconditionals="0" methods="1" coveredmethods="1"/>
        <line num="5" count="2" type="stmt"/>
      </file>
      <file name="styles.ts" path="/Users/lucasribeiromoura/DEV/mks-frontend-challenge/src/components/Footer/styles.ts">
        <metrics statements="1" coveredstatements="1" conditionals="0" coveredconditionals="0" methods="0" coveredmethods="0"/>
        <line num="3" count="2" type="stmt"/>
      </file>
    </package>
    <package name="src.components.Header">
      <metrics statements="10" coveredstatements="10" conditionals="0" coveredconditionals="0" methods="5" coveredmethods="5"/>
      <file name="index.tsx" path="/Users/lucasribeiromoura/DEV/mks-frontend-challenge/src/components/Header/index.tsx">
        <metrics statements="7" coveredstatements="7" conditionals="0" coveredconditionals="0" methods="5" coveredmethods="5"/>
        <line num="9" count="17" type="stmt"/>
        <line num="10" count="32" type="stmt"/>
        <line num="12" count="32" type="stmt"/>
        <line num="13" count="17" type="stmt"/>
        <line num="15" count="17" type="stmt"/>
        <line num="22" count="1" type="stmt"/>
        <line num="28" count="136" type="stmt"/>
      </file>
      <file name="styles.ts" path="/Users/lucasribeiromoura/DEV/mks-frontend-challenge/src/components/Header/styles.ts">
        <metrics statements="3" coveredstatements="3" conditionals="0" coveredconditionals="0" methods="0" coveredmethods="0"/>
        <line num="3" count="2" type="stmt"/>
        <line num="12" count="2" type="stmt"/>
        <line num="32" count="2" type="stmt"/>
      </file>
    </package>
    <package name="src.components.Loading">
      <metrics statements="1" coveredstatements="0" conditionals="0" coveredconditionals="0" methods="1" coveredmethods="0"/>
      <file name="index.tsx" path="/Users/lucasribeiromoura/DEV/mks-frontend-challenge/src/components/Loading/index.tsx">
        <metrics statements="1" coveredstatements="0" conditionals="0" coveredconditionals="0" methods="1" coveredmethods="0"/>
        <line num="5" count="0" type="stmt"/>
      </file>
    </package>
    <package name="src.interfaces">
      <metrics statements="0" coveredstatements="0" conditionals="0" coveredconditionals="0" methods="0" coveredmethods="0"/>
      <file name="IProducts.ts" path="/Users/lucasribeiromoura/DEV/mks-frontend-challenge/src/interfaces/IProducts.ts">
        <metrics statements="0" coveredstatements="0" conditionals="0" coveredconditionals="0" methods="0" coveredmethods="0"/>
      </file>
      <file name="IProductsProps.ts" path="/Users/lucasribeiromoura/DEV/mks-frontend-challenge/src/interfaces/IProductsProps.ts">
        <metrics statements="0" coveredstatements="0" conditionals="0" coveredconditionals="0" methods="0" coveredmethods="0"/>
      </file>
    </package>
    <package name="src.pages.Cart">
      <metrics statements="21" coveredstatements="21" conditionals="4" coveredconditionals="4" methods="10" coveredmethods="10"/>
      <file name="index.tsx" path="/Users/lucasribeiromoura/DEV/mks-frontend-challenge/src/pages/Cart/index.tsx">
        <metrics statements="15" coveredstatements="15" conditionals="2" coveredconditionals="2" methods="9" coveredmethods="9"/>
        <line num="11" count="32" type="stmt"/>
        <line num="12" count="47" type="stmt"/>
        <line num="14" count="47" type="stmt"/>
        <line num="15" count="32" type="stmt"/>
        <line num="16" count="32" type="stmt"/>
        <line num="18" count="32" type="stmt"/>
        <line num="19" count="15" type="stmt"/>
        <line num="20" count="15" type="stmt"/>
        <line num="21" count="120" type="stmt"/>
        <line num="24" count="15" type="stmt"/>
        <line num="27" count="15" type="stmt"/>
        <line num="30" count="32" type="stmt"/>
        <line num="35" count="1" type="stmt"/>
        <line num="44" count="256" type="stmt"/>
        <line num="46" count="81" type="stmt"/>
      </file>
      <file name="styles.ts" path="/Users/lucasribeiromoura/DEV/mks-frontend-challenge/src/pages/Cart/styles.ts">
        <metrics statements="6" coveredstatements="6" conditionals="2" coveredconditionals="2" methods="1" coveredmethods="1"/>
        <line num="3" count="2" type="stmt"/>
        <line num="14" count="32" type="cond" truecount="2" falsecount="0"/>
        <line num="16" count="2" type="stmt"/>
        <line num="38" count="2" type="stmt"/>
        <line num="66" count="2" type="stmt"/>
        <line num="98" count="2" type="stmt"/>
      </file>
    </package>
    <package name="src.pages.Home">
      <metrics statements="14" coveredstatements="10" conditionals="4" coveredconditionals="3" methods="6" coveredmethods="5"/>
      <file name="index.tsx" path="/Users/lucasribeiromoura/DEV/mks-frontend-challenge/src/pages/Home/index.tsx">
        <metrics statements="12" coveredstatements="8" conditionals="4" coveredconditionals="3" methods="6" coveredmethods="5"/>
        <line num="13" count="2" type="stmt"/>
        <line num="14" count="17" type="stmt"/>
        <line num="16" count="2" type="stmt"/>
        <line num="17" count="2" type="stmt"/>
        <line num="18" count="2" type="stmt"/>
        <line num="19" count="0" type="stmt"/>
        <line num="20" count="0" type="stmt"/>
        <line num="25" count="0" type="stmt"/>
        <line num="26" count="0" type="stmt"/>
        <line num="28" count="2" type="stmt"/>
        <line num="31" count="2" type="stmt"/>
        <line num="37" count="16" type="stmt"/>
      </file>
      <file name="styles.ts" path="/Users/lucasribeiromoura/DEV/mks-frontend-challenge/src/pages/Home/styles.ts">
        <metrics statements="2" coveredstatements="2" conditionals="0" coveredconditionals="0" methods="0" coveredmethods="0"/>
        <line num="3" count="2" type="stmt"/>
        <line num="14" count="2" type="stmt"/>
      </file>
    </package>
    <package name="src.redux.reducer">
      <metrics statements="12" coveredstatements="12" conditionals="0" coveredconditionals="0" methods="4" coveredmethods="4"/>
      <file name="api.ts" path="/Users/lucasribeiromoura/DEV/mks-frontend-challenge/src/redux/reducer/api.ts">
        <metrics statements="3" coveredstatements="3" conditionals="0" coveredconditionals="0" methods="1" coveredmethods="1"/>
        <line num="4" count="2" type="stmt"/>
        <line num="12" count="2" type="stmt"/>
        <line num="19" count="2" type="stmt"/>
      </file>
      <file name="cart.ts" path="/Users/lucasribeiromoura/DEV/mks-frontend-challenge/src/redux/reducer/cart.ts">
        <metrics statements="3" coveredstatements="3" conditionals="0" coveredconditionals="0" methods="1" coveredmethods="1"/>
        <line num="3" count="2" type="stmt"/>
        <line num="11" count="4" type="stmt"/>
        <line num="18" count="2" type="stmt"/>
      </file>
      <file name="products.ts" path="/Users/lucasribeiromoura/DEV/mks-frontend-challenge/src/redux/reducer/products.ts">
        <metrics statements="6" coveredstatements="6" conditionals="0" coveredconditionals="0" methods="2" coveredmethods="2"/>
        <line num="4" count="2" type="stmt"/>
        <line num="12" count="15" type="stmt"/>
        <line num="13" count="15" type="stmt"/>
        <line num="14" count="126" type="stmt"/>
        <line num="16" count="15" type="stmt"/>
        <line num="23" count="2" type="stmt"/>
      </file>
    </package>
    <package name="src.redux.store">
      <metrics statements="1" coveredstatements="1" conditionals="0" coveredconditionals="0" methods="0" coveredmethods="0"/>
      <file name="index.ts" path="/Users/lucasribeiromoura/DEV/mks-frontend-challenge/src/redux/store/index.ts">
        <metrics statements="1" coveredstatements="1" conditionals="0" coveredconditionals="0" methods="0" coveredmethods="0"/>
        <line num="6" count="2" type="stmt"/>
      </file>
    </package>
    <package name="src.services">
      <metrics statements="4" coveredstatements="2" conditionals="0" coveredconditionals="0" methods="1" coveredmethods="1"/>
      <file name="api.ts" path="/Users/lucasribeiromoura/DEV/mks-frontend-challenge/src/services/api.ts">
        <metrics statements="4" coveredstatements="2" conditionals="0" coveredconditionals="0" methods="1" coveredmethods="1"/>
        <line num="5" count="2" type="stmt"/>
        <line num="6" count="2" type="stmt"/>
        <line num="7" count="0" type="stmt"/>
        <line num="8" count="0" type="stmt"/>
      </file>
    </package>
    <package name="src.tests.utils">
      <metrics statements="9" coveredstatements="9" conditionals="0" coveredconditionals="0" methods="5" coveredmethods="5"/>
      <file name="acts.ts" path="/Users/lucasribeiromoura/DEV/mks-frontend-challenge/src/tests/utils/acts.ts">
        <metrics statements="8" coveredstatements="8" conditionals="0" coveredconditionals="0" methods="4" coveredmethods="4"/>
        <line num="10" count="2" type="stmt"/>
        <line num="11" count="14" type="stmt"/>
        <line num="12" count="14" type="stmt"/>
        <line num="16" count="2" type="stmt"/>
        <line num="17" count="2" type="stmt"/>
        <line num="18" count="2" type="stmt"/>
        <line num="19" count="2" type="stmt"/>
        <line num="20" count="2" type="stmt"/>
      </file>
      <file name="render.tsx" path="/Users/lucasribeiromoura/DEV/mks-frontend-challenge/src/tests/utils/render.tsx">
        <metrics statements="1" coveredstatements="1" conditionals="0" coveredconditionals="0" methods="1" coveredmethods="1"/>
        <line num="6" count="2" type="stmt"/>
      </file>
    </package>
  </project>
</coverage>
