{"/Users/lucasribeiromoura/DEV/mks-frontend-challenge/src/App.tsx": {"path":"/Users/lucasribeiromoura/DEV/mks-frontend-challenge/src/App.tsx","statementMap":{"0":{"start":{"line":8,"column":2},"end":{"line":15,"column":4}}},"fnMap":{"0":{"name":"App","decl":{"start":{"line":7,"column":9},"end":{"line":7,"column":12}},"loc":{"start":{"line":7,"column":15},"end":{"line":16,"column":1}},"line":7}},"branchMap":{},"s":{"0":2},"f":{"0":2},"b":{},"_coverageSchema":"1a1c01bbd47fc00a2c39e90264f33305004495a9","hash":"1fb0d92dc6dd5dbcb0ec46353645c0099cb04d8f"}
,"/Users/lucasribeiromoura/DEV/mks-frontend-challenge/src/index.tsx": {"path":"/Users/lucasribeiromoura/DEV/mks-frontend-challenge/src/index.tsx","statementMap":{"0":{"start":{"line":8,"column":13},"end":{"line":10,"column":1}},"1":{"start":{"line":11,"column":0},"end":{"line":17,"column":2}}},"fnMap":{},"branchMap":{},"s":{"0":0,"1":0},"f":{},"b":{}}
,"/Users/lucasribeiromoura/DEV/mks-frontend-challenge/src/components/Cards/CheckoutCard/index.tsx": {"path":"/Users/lucasribeiromoura/DEV/mks-frontend-challenge/src/components/Cards/CheckoutCard/index.tsx","statementMap":{"0":{"start":{"line":11,"column":19},"end":{"line":11,"column":32}},"1":{"start":{"line":12,"column":27},"end":{"line":14,"column":3}},"2":{"start":{"line":13,"column":33},"end":{"line":13,"column":50}},"3":{"start":{"line":16,"column":24},"end":{"line":49,"column":3}},"4":{"start":{"line":17,"column":19},"end":{"line":17,"column":66}},"5":{"start":{"line":17,"column":51},"end":{"line":17,"column":65}},"6":{"start":{"line":18,"column":43},"end":{"line":20,"column":5}},"7":{"start":{"line":19,"column":14},"end":{"line":19,"column":28}},"8":{"start":{"line":21,"column":4},"end":{"line":27,"column":5}},"9":{"start":{"line":22,"column":26},"end":{"line":25,"column":7}},"10":{"start":{"line":26,"column":6},"end":{"line":26,"column":56}},"11":{"start":{"line":28,"column":4},"end":{"line":34,"column":5}},"12":{"start":{"line":29,"column":26},"end":{"line":32,"column":7}},"13":{"start":{"line":33,"column":6},"end":{"line":33,"column":56}},"14":{"start":{"line":35,"column":4},"end":{"line":41,"column":5}},"15":{"start":{"line":36,"column":26},"end":{"line":39,"column":7}},"16":{"start":{"line":40,"column":6},"end":{"line":40,"column":56}},"17":{"start":{"line":42,"column":4},"end":{"line":48,"column":5}},"18":{"start":{"line":43,"column":26},"end":{"line":46,"column":7}},"19":{"start":{"line":47,"column":6},"end":{"line":47,"column":56}},"20":{"start":{"line":51,"column":22},"end":{"line":54,"column":3}},"21":{"start":{"line":52,"column":19},"end":{"line":52,"column":77}},"22":{"start":{"line":52,"column":62},"end":{"line":52,"column":76}},"23":{"start":{"line":53,"column":4},"end":{"line":53,"column":28}},"24":{"start":{"line":56,"column":2},"end":{"line":94,"column":4}},"25":{"start":{"line":65,"column":27},"end":{"line":65,"column":57}},"26":{"start":{"line":73,"column":27},"end":{"line":73,"column":68}},"27":{"start":{"line":77,"column":27},"end":{"line":77,"column":57}},"28":{"start":{"line":88,"column":23},"end":{"line":88,"column":53}}},"fnMap":{"0":{"name":"CheckoutCard","decl":{"start":{"line":10,"column":9},"end":{"line":10,"column":21}},"loc":{"start":{"line":10,"column":51},"end":{"line":95,"column":1}},"line":10},"1":{"name":"(anonymous_1)","decl":{"start":{"line":13,"column":4},"end":{"line":13,"column":5}},"loc":{"start":{"line":13,"column":33},"end":{"line":13,"column":50}},"line":13},"2":{"name":"(anonymous_2)","decl":{"start":{"line":16,"column":24},"end":{"line":16,"column":25}},"loc":{"start":{"line":16,"column":55},"end":{"line":49,"column":3}},"line":16},"3":{"name":"(anonymous_3)","decl":{"start":{"line":17,"column":43},"end":{"line":17,"column":44}},"loc":{"start":{"line":17,"column":51},"end":{"line":17,"column":65}},"line":17},"4":{"name":"(anonymous_4)","decl":{"start":{"line":19,"column":6},"end":{"line":19,"column":7}},"loc":{"start":{"line":19,"column":14},"end":{"line":19,"column":28}},"line":19},"5":{"name":"(anonymous_5)","decl":{"start":{"line":51,"column":22},"end":{"line":51,"column":23}},"loc":{"start":{"line":51,"column":38},"end":{"line":54,"column":3}},"line":51},"6":{"name":"(anonymous_6)","decl":{"start":{"line":52,"column":41},"end":{"line":52,"column":42}},"loc":{"start":{"line":52,"column":62},"end":{"line":52,"column":76}},"line":52},"7":{"name":"(anonymous_7)","decl":{"start":{"line":65,"column":21},"end":{"line":65,"column":22}},"loc":{"start":{"line":65,"column":27},"end":{"line":65,"column":57}},"line":65},"8":{"name":"(anonymous_8)","decl":{"start":{"line":73,"column":22},"end":{"line":73,"column":23}},"loc":{"start":{"line":73,"column":27},"end":{"line":73,"column":68}},"line":73},"9":{"name":"(anonymous_9)","decl":{"start":{"line":77,"column":21},"end":{"line":77,"column":22}},"loc":{"start":{"line":77,"column":27},"end":{"line":77,"column":57}},"line":77},"10":{"name":"(anonymous_10)","decl":{"start":{"line":88,"column":17},"end":{"line":88,"column":18}},"loc":{"start":{"line":88,"column":23},"end":{"line":88,"column":53}},"line":88}},"branchMap":{"0":{"loc":{"start":{"line":21,"column":4},"end":{"line":27,"column":5}},"type":"if","locations":[{"start":{"line":21,"column":4},"end":{"line":27,"column":5}},{"start":{},"end":{}}],"line":21},"1":{"loc":{"start":{"line":21,"column":8},"end":{"line":21,"column":32}},"type":"binary-expr","locations":[{"start":{"line":21,"column":8},"end":{"line":21,"column":21}},{"start":{"line":21,"column":25},"end":{"line":21,"column":32}}],"line":21},"2":{"loc":{"start":{"line":28,"column":4},"end":{"line":34,"column":5}},"type":"if","locations":[{"start":{"line":28,"column":4},"end":{"line":34,"column":5}},{"start":{},"end":{}}],"line":28},"3":{"loc":{"start":{"line":28,"column":8},"end":{"line":28,"column":32}},"type":"binary-expr","locations":[{"start":{"line":28,"column":8},"end":{"line":28,"column":21}},{"start":{"line":28,"column":25},"end":{"line":28,"column":32}}],"line":28},"4":{"loc":{"start":{"line":35,"column":4},"end":{"line":41,"column":5}},"type":"if","locations":[{"start":{"line":35,"column":4},"end":{"line":41,"column":5}},{"start":{},"end":{}}],"line":35},"5":{"loc":{"start":{"line":35,"column":8},"end":{"line":35,"column":32}},"type":"binary-expr","locations":[{"start":{"line":35,"column":8},"end":{"line":35,"column":21}},{"start":{"line":35,"column":25},"end":{"line":35,"column":32}}],"line":35},"6":{"loc":{"start":{"line":42,"column":4},"end":{"line":48,"column":5}},"type":"if","locations":[{"start":{"line":42,"column":4},"end":{"line":48,"column":5}},{"start":{},"end":{}}],"line":42},"7":{"loc":{"start":{"line":42,"column":8},"end":{"line":42,"column":32}},"type":"binary-expr","locations":[{"start":{"line":42,"column":8},"end":{"line":42,"column":21}},{"start":{"line":42,"column":25},"end":{"line":42,"column":32}}],"line":42}},"s":{"0":81,"1":81,"2":114,"3":81,"4":4,"5":32,"6":4,"7":32,"8":4,"9":1,"10":1,"11":4,"12":1,"13":1,"14":4,"15":1,"16":1,"17":4,"18":1,"19":1,"20":81,"21":81,"22":480,"23":81,"24":81,"25":1,"26":1,"27":1,"28":1},"f":{"0":81,"1":114,"2":4,"3":32,"4":32,"5":81,"6":480,"7":1,"8":1,"9":1,"10":1},"b":{"0":[1,3],"1":[4,1],"2":[1,3],"3":[4,1],"4":[1,3],"5":[4,1],"6":[1,3],"7":[4,1]},"_coverageSchema":"1a1c01bbd47fc00a2c39e90264f33305004495a9","hash":"09b7da3bc299dd3559fff546db813366fa39b724"}
,"/Users/lucasribeiromoura/DEV/mks-frontend-challenge/src/components/Cards/CheckoutCard/styles.ts": {"path":"/Users/lucasribeiromoura/DEV/mks-frontend-challenge/src/components/Cards/CheckoutCard/styles.ts","statementMap":{"0":{"start":{"line":3,"column":25},"end":{"line":39,"column":1}},"1":{"start":{"line":41,"column":27},"end":{"line":54,"column":1}},"2":{"start":{"line":55,"column":19},"end":{"line":104,"column":1}}},"fnMap":{},"branchMap":{},"s":{"0":2,"1":2,"2":2},"f":{},"b":{},"_coverageSchema":"1a1c01bbd47fc00a2c39e90264f33305004495a9","hash":"d3e278d9ca6d793dfd48d80bd54dae50eb309b9c"}
,"/Users/lucasribeiromoura/DEV/mks-frontend-challenge/src/components/Cards/ProductCard/index.tsx": {"path":"/Users/lucasribeiromoura/DEV/mks-frontend-challenge/src/components/Cards/ProductCard/index.tsx","statementMap":{"0":{"start":{"line":11,"column":19},"end":{"line":11,"column":32}},"1":{"start":{"line":12,"column":27},"end":{"line":14,"column":3}},"2":{"start":{"line":13,"column":33},"end":{"line":13,"column":50}},"3":{"start":{"line":16,"column":18},"end":{"line":28,"column":3}},"4":{"start":{"line":17,"column":19},"end":{"line":17,"column":74}},"5":{"start":{"line":17,"column":51},"end":{"line":17,"column":73}},"6":{"start":{"line":18,"column":43},"end":{"line":20,"column":5}},"7":{"start":{"line":19,"column":14},"end":{"line":19,"column":36}},"8":{"start":{"line":21,"column":4},"end":{"line":27,"column":5}},"9":{"start":{"line":22,"column":26},"end":{"line":25,"column":7}},"10":{"start":{"line":26,"column":6},"end":{"line":26,"column":56}},"11":{"start":{"line":30,"column":2},"end":{"line":47,"column":4}},"12":{"start":{"line":42,"column":32},"end":{"line":42,"column":48}}},"fnMap":{"0":{"name":"ProductCart","decl":{"start":{"line":10,"column":9},"end":{"line":10,"column":20}},"loc":{"start":{"line":10,"column":49},"end":{"line":48,"column":1}},"line":10},"1":{"name":"(anonymous_1)","decl":{"start":{"line":13,"column":4},"end":{"line":13,"column":5}},"loc":{"start":{"line":13,"column":33},"end":{"line":13,"column":50}},"line":13},"2":{"name":"(anonymous_2)","decl":{"start":{"line":16,"column":18},"end":{"line":16,"column":19}},"loc":{"start":{"line":16,"column":42},"end":{"line":28,"column":3}},"line":16},"3":{"name":"(anonymous_3)","decl":{"start":{"line":17,"column":43},"end":{"line":17,"column":44}},"loc":{"start":{"line":17,"column":51},"end":{"line":17,"column":73}},"line":17},"4":{"name":"(anonymous_4)","decl":{"start":{"line":19,"column":6},"end":{"line":19,"column":7}},"loc":{"start":{"line":19,"column":14},"end":{"line":19,"column":36}},"line":19},"5":{"name":"(anonymous_5)","decl":{"start":{"line":42,"column":26},"end":{"line":42,"column":27}},"loc":{"start":{"line":42,"column":32},"end":{"line":42,"column":48}},"line":42}},"branchMap":{"0":{"loc":{"start":{"line":21,"column":4},"end":{"line":27,"column":5}},"type":"if","locations":[{"start":{"line":21,"column":4},"end":{"line":27,"column":5}},{"start":{},"end":{}}],"line":21}},"s":{"0":120,"1":120,"2":240,"3":120,"4":9,"5":72,"6":9,"7":44,"8":9,"9":9,"10":9,"11":120,"12":9},"f":{"0":120,"1":240,"2":9,"3":72,"4":44,"5":9},"b":{"0":[9,0]},"_coverageSchema":"1a1c01bbd47fc00a2c39e90264f33305004495a9","hash":"0a753dcd4f2fc8913b1c7b7418ab267e91af8492"}
,"/Users/lucasribeiromoura/DEV/mks-frontend-challenge/src/components/Cards/ProductCard/styles.ts": {"path":"/Users/lucasribeiromoura/DEV/mks-frontend-challenge/src/components/Cards/ProductCard/styles.ts","statementMap":{"0":{"start":{"line":3,"column":29},"end":{"line":28,"column":1}},"1":{"start":{"line":30,"column":23},"end":{"line":50,"column":1}},"2":{"start":{"line":52,"column":29},"end":{"line":68,"column":1}},"3":{"start":{"line":70,"column":21},"end":{"line":86,"column":1}}},"fnMap":{},"branchMap":{},"s":{"0":2,"1":2,"2":2,"3":2},"f":{},"b":{},"_coverageSchema":"1a1c01bbd47fc00a2c39e90264f33305004495a9","hash":"b994659e6a2d8f7b529db12931a123ca6d75e545"}
,"/Users/lucasribeiromoura/DEV/mks-frontend-challenge/src/components/Footer/index.tsx": {"path":"/Users/lucasribeiromoura/DEV/mks-frontend-challenge/src/components/Footer/index.tsx","statementMap":{"0":{"start":{"line":5,"column":2},"end":{"line":9,"column":4}}},"fnMap":{"0":{"name":"Footer","decl":{"start":{"line":4,"column":9},"end":{"line":4,"column":15}},"loc":{"start":{"line":4,"column":18},"end":{"line":10,"column":1}},"line":4}},"branchMap":{},"s":{"0":2},"f":{"0":2},"b":{},"_coverageSchema":"1a1c01bbd47fc00a2c39e90264f33305004495a9","hash":"7955a4a80703170eea3891d9904bdcbce65fe104"}
,"/Users/lucasribeiromoura/DEV/mks-frontend-challenge/src/components/Footer/styles.ts": {"path":"/Users/lucasribeiromoura/DEV/mks-frontend-challenge/src/components/Footer/styles.ts","statementMap":{"0":{"start":{"line":3,"column":25},"end":{"line":20,"column":1}}},"fnMap":{},"branchMap":{},"s":{"0":2},"f":{},"b":{},"_coverageSchema":"1a1c01bbd47fc00a2c39e90264f33305004495a9","hash":"dea23f500a97178775b82b828234eb859ff4278a"}
,"/Users/lucasribeiromoura/DEV/mks-frontend-challenge/src/components/Header/index.tsx": {"path":"/Users/lucasribeiromoura/DEV/mks-frontend-challenge/src/components/Header/index.tsx","statementMap":{"0":{"start":{"line":9,"column":27},"end":{"line":11,"column":3}},"1":{"start":{"line":10,"column":33},"end":{"line":10,"column":50}},"2":{"start":{"line":12,"column":20},"end":{"line":12,"column":67}},"3":{"start":{"line":12,"column":57},"end":{"line":12,"column":66}},"4":{"start":{"line":13,"column":19},"end":{"line":13,"column":32}},"5":{"start":{"line":15,"column":2},"end":{"line":34,"column":4}},"6":{"start":{"line":22,"column":23},"end":{"line":22,"column":56}},"7":{"start":{"line":28,"column":35},"end":{"line":28,"column":66}}},"fnMap":{"0":{"name":"Header","decl":{"start":{"line":8,"column":9},"end":{"line":8,"column":15}},"loc":{"start":{"line":8,"column":18},"end":{"line":35,"column":1}},"line":8},"1":{"name":"(anonymous_1)","decl":{"start":{"line":10,"column":4},"end":{"line":10,"column":5}},"loc":{"start":{"line":10,"column":33},"end":{"line":10,"column":50}},"line":10},"2":{"name":"(anonymous_2)","decl":{"start":{"line":12,"column":32},"end":{"line":12,"column":33}},"loc":{"start":{"line":12,"column":57},"end":{"line":12,"column":66}},"line":12},"3":{"name":"(anonymous_3)","decl":{"start":{"line":22,"column":17},"end":{"line":22,"column":18}},"loc":{"start":{"line":22,"column":23},"end":{"line":22,"column":56}},"line":22},"4":{"name":"(anonymous_4)","decl":{"start":{"line":28,"column":12},"end":{"line":28,"column":13}},"loc":{"start":{"line":28,"column":35},"end":{"line":28,"column":66}},"line":28}},"branchMap":{},"s":{"0":17,"1":32,"2":17,"3":32,"4":17,"5":17,"6":1,"7":136},"f":{"0":17,"1":32,"2":32,"3":1,"4":136},"b":{},"_coverageSchema":"1a1c01bbd47fc00a2c39e90264f33305004495a9","hash":"ae55add75f2c94afc96f81cf7269d6c64b82036b"}
,"/Users/lucasribeiromoura/DEV/mks-frontend-challenge/src/components/Header/styles.ts": {"path":"/Users/lucasribeiromoura/DEV/mks-frontend-challenge/src/components/Header/styles.ts","statementMap":{"0":{"start":{"line":3,"column":31},"end":{"line":11,"column":1}},"1":{"start":{"line":12,"column":27},"end":{"line":31,"column":1}},"2":{"start":{"line":32,"column":26},"end":{"line":50,"column":1}}},"fnMap":{},"branchMap":{},"s":{"0":2,"1":2,"2":2},"f":{},"b":{},"_coverageSchema":"1a1c01bbd47fc00a2c39e90264f33305004495a9","hash":"3421386287e4ae7e9d2dad66ffaa6d8c296ad709"}
,"/Users/lucasribeiromoura/DEV/mks-frontend-challenge/src/components/Loading/index.tsx": {"path":"/Users/lucasribeiromoura/DEV/mks-frontend-challenge/src/components/Loading/index.tsx","statementMap":{"0":{"start":{"line":5,"column":2},"end":{"line":24,"column":4}}},"fnMap":{"0":{"name":"Loading","decl":{"start":{"line":4,"column":9},"end":{"line":4,"column":16}},"loc":{"start":{"line":4,"column":19},"end":{"line":25,"column":1}},"line":4}},"branchMap":{},"s":{"0":0},"f":{"0":0},"b":{},"_coverageSchema":"1a1c01bbd47fc00a2c39e90264f33305004495a9","hash":"ab17b365e95e437e62408a8a1ecffc6c6a330651"}
,"/Users/lucasribeiromoura/DEV/mks-frontend-challenge/src/interfaces/IProducts.ts": {"path":"/Users/lucasribeiromoura/DEV/mks-frontend-challenge/src/interfaces/IProducts.ts","statementMap":{},"fnMap":{},"branchMap":{},"s":{},"f":{},"b":{}}
,"/Users/lucasribeiromoura/DEV/mks-frontend-challenge/src/interfaces/IProductsProps.ts": {"path":"/Users/lucasribeiromoura/DEV/mks-frontend-challenge/src/interfaces/IProductsProps.ts","statementMap":{},"fnMap":{},"branchMap":{},"s":{},"f":{},"b":{}}
,"/Users/lucasribeiromoura/DEV/mks-frontend-challenge/src/pages/Cart/index.tsx": {"path":"/Users/lucasribeiromoura/DEV/mks-frontend-challenge/src/pages/Cart/index.tsx","statementMap":{"0":{"start":{"line":11,"column":27},"end":{"line":13,"column":3}},"1":{"start":{"line":12,"column":33},"end":{"line":12,"column":50}},"2":{"start":{"line":14,"column":20},"end":{"line":14,"column":67}},"3":{"start":{"line":14,"column":57},"end":{"line":14,"column":66}},"4":{"start":{"line":15,"column":28},"end":{"line":15,"column":44}},"5":{"start":{"line":16,"column":19},"end":{"line":16,"column":32}},"6":{"start":{"line":18,"column":2},"end":{"line":28,"column":25}},"7":{"start":{"line":19,"column":21},"end":{"line":25,"column":5}},"8":{"start":{"line":20,"column":21},"end":{"line":23,"column":7}},"9":{"start":{"line":21,"column":28},"end":{"line":21,"column":76}},"10":{"start":{"line":24,"column":6},"end":{"line":24,"column":31}},"11":{"start":{"line":27,"column":4},"end":{"line":27,"column":15}},"12":{"start":{"line":30,"column":2},"end":{"line":57,"column":4}},"13":{"start":{"line":35,"column":25},"end":{"line":35,"column":58}},"14":{"start":{"line":44,"column":28},"end":{"line":44,"column":45}},"15":{"start":{"line":46,"column":14},"end":{"line":46,"column":68}}},"fnMap":{"0":{"name":"Cart","decl":{"start":{"line":10,"column":9},"end":{"line":10,"column":13}},"loc":{"start":{"line":10,"column":16},"end":{"line":58,"column":1}},"line":10},"1":{"name":"(anonymous_1)","decl":{"start":{"line":12,"column":4},"end":{"line":12,"column":5}},"loc":{"start":{"line":12,"column":33},"end":{"line":12,"column":50}},"line":12},"2":{"name":"(anonymous_2)","decl":{"start":{"line":14,"column":32},"end":{"line":14,"column":33}},"loc":{"start":{"line":14,"column":57},"end":{"line":14,"column":66}},"line":14},"3":{"name":"(anonymous_3)","decl":{"start":{"line":18,"column":12},"end":{"line":18,"column":13}},"loc":{"start":{"line":18,"column":18},"end":{"line":28,"column":3}},"line":18},"4":{"name":"(anonymous_4)","decl":{"start":{"line":19,"column":21},"end":{"line":19,"column":22}},"loc":{"start":{"line":19,"column":27},"end":{"line":25,"column":5}},"line":19},"5":{"name":"(anonymous_5)","decl":{"start":{"line":21,"column":8},"end":{"line":21,"column":9}},"loc":{"start":{"line":21,"column":28},"end":{"line":21,"column":76}},"line":21},"6":{"name":"(anonymous_6)","decl":{"start":{"line":35,"column":19},"end":{"line":35,"column":20}},"loc":{"start":{"line":35,"column":25},"end":{"line":35,"column":58}},"line":35},"7":{"name":"(anonymous_7)","decl":{"start":{"line":44,"column":20},"end":{"line":44,"column":21}},"loc":{"start":{"line":44,"column":28},"end":{"line":44,"column":45}},"line":44},"8":{"name":"(anonymous_8)","decl":{"start":{"line":45,"column":17},"end":{"line":45,"column":18}},"loc":{"start":{"line":45,"column":48},"end":{"line":47,"column":13}},"line":45}},"branchMap":{"0":{"loc":{"start":{"line":42,"column":9},"end":{"line":47,"column":14}},"type":"binary-expr","locations":[{"start":{"line":42,"column":9},"end":{"line":42,"column":25}},{"start":{"line":43,"column":10},"end":{"line":47,"column":14}}],"line":42}},"s":{"0":32,"1":47,"2":32,"3":47,"4":32,"5":32,"6":32,"7":15,"8":15,"9":120,"10":15,"11":15,"12":32,"13":1,"14":256,"15":81},"f":{"0":32,"1":47,"2":47,"3":15,"4":15,"5":120,"6":1,"7":256,"8":81},"b":{"0":[32,32]},"_coverageSchema":"1a1c01bbd47fc00a2c39e90264f33305004495a9","hash":"7b8dd535606c75df994767c054719e5ebc6bad67"}
,"/Users/lucasribeiromoura/DEV/mks-frontend-challenge/src/pages/Cart/styles.ts": {"path":"/Users/lucasribeiromoura/DEV/mks-frontend-challenge/src/pages/Cart/styles.ts","statementMap":{"0":{"start":{"line":3,"column":29},"end":{"line":15,"column":1}},"1":{"start":{"line":14,"column":30},"end":{"line":14,"column":73}},"2":{"start":{"line":16,"column":24},"end":{"line":37,"column":1}},"3":{"start":{"line":38,"column":26},"end":{"line":65,"column":1}},"4":{"start":{"line":66,"column":26},"end":{"line":96,"column":1}},"5":{"start":{"line":98,"column":21},"end":{"line":106,"column":1}}},"fnMap":{"0":{"name":"(anonymous_0)","decl":{"start":{"line":14,"column":15},"end":{"line":14,"column":16}},"loc":{"start":{"line":14,"column":30},"end":{"line":14,"column":73}},"line":14}},"branchMap":{"0":{"loc":{"start":{"line":14,"column":30},"end":{"line":14,"column":73}},"type":"cond-expr","locations":[{"start":{"line":14,"column":37},"end":{"line":14,"column":52}},{"start":{"line":14,"column":55},"end":{"line":14,"column":73}}],"line":14}},"s":{"0":2,"1":32,"2":2,"3":2,"4":2,"5":2},"f":{"0":32},"b":{"0":[23,9]},"_coverageSchema":"1a1c01bbd47fc00a2c39e90264f33305004495a9","hash":"0882bc4a572d75e12b768981f0c0a3689508ebd5"}
,"/Users/lucasribeiromoura/DEV/mks-frontend-challenge/src/pages/Home/index.tsx": {"path":"/Users/lucasribeiromoura/DEV/mks-frontend-challenge/src/pages/Home/index.tsx","statementMap":{"0":{"start":{"line":13,"column":19},"end":{"line":13,"column":32}},"1":{"start":{"line":14,"column":22},"end":{"line":14,"column":66}},"2":{"start":{"line":14,"column":58},"end":{"line":14,"column":65}},"3":{"start":{"line":16,"column":2},"end":{"line":29,"column":17}},"4":{"start":{"line":17,"column":19},"end":{"line":27,"column":5}},"5":{"start":{"line":18,"column":23},"end":{"line":18,"column":34}},"6":{"start":{"line":19,"column":21},"end":{"line":24,"column":8}},"7":{"start":{"line":20,"column":8},"end":{"line":23,"column":10}},"8":{"start":{"line":25,"column":6},"end":{"line":25,"column":33}},"9":{"start":{"line":26,"column":6},"end":{"line":26,"column":38}},"10":{"start":{"line":28,"column":4},"end":{"line":28,"column":13}},"11":{"start":{"line":31,"column":2},"end":{"line":41,"column":4}},"12":{"start":{"line":37,"column":12},"end":{"line":37,"column":65}}},"fnMap":{"0":{"name":"Home","decl":{"start":{"line":12,"column":9},"end":{"line":12,"column":13}},"loc":{"start":{"line":12,"column":16},"end":{"line":42,"column":1}},"line":12},"1":{"name":"(anonymous_1)","decl":{"start":{"line":14,"column":34},"end":{"line":14,"column":35}},"loc":{"start":{"line":14,"column":58},"end":{"line":14,"column":65}},"line":14},"2":{"name":"(anonymous_2)","decl":{"start":{"line":16,"column":12},"end":{"line":16,"column":13}},"loc":{"start":{"line":16,"column":18},"end":{"line":29,"column":3}},"line":16},"3":{"name":"(anonymous_3)","decl":{"start":{"line":17,"column":19},"end":{"line":17,"column":20}},"loc":{"start":{"line":17,"column":31},"end":{"line":27,"column":5}},"line":17},"4":{"name":"(anonymous_4)","decl":{"start":{"line":19,"column":34},"end":{"line":19,"column":35}},"loc":{"start":{"line":19,"column":45},"end":{"line":24,"column":7}},"line":19},"5":{"name":"(anonymous_5)","decl":{"start":{"line":36,"column":26},"end":{"line":36,"column":27}},"loc":{"start":{"line":36,"column":65},"end":{"line":38,"column":11}},"line":36}},"branchMap":{"0":{"loc":{"start":{"line":34,"column":9},"end":{"line":34,"column":46}},"type":"binary-expr","locations":[{"start":{"line":34,"column":9},"end":{"line":34,"column":31}},{"start":{"line":34,"column":35},"end":{"line":34,"column":46}}],"line":34},"1":{"loc":{"start":{"line":35,"column":9},"end":{"line":38,"column":12}},"type":"binary-expr","locations":[{"start":{"line":35,"column":9},"end":{"line":35,"column":20}},{"start":{"line":36,"column":10},"end":{"line":38,"column":12}}],"line":35}},"s":{"0":2,"1":2,"2":17,"3":2,"4":2,"5":2,"6":0,"7":0,"8":0,"9":0,"10":2,"11":2,"12":16},"f":{"0":2,"1":17,"2":2,"3":2,"4":0,"5":16},"b":{"0":[2,0],"1":[2,2]},"_coverageSchema":"1a1c01bbd47fc00a2c39e90264f33305004495a9","hash":"253be43f7478cfd0ed26bab133b325a1f80bfddd"}
,"/Users/lucasribeiromoura/DEV/mks-frontend-challenge/src/pages/Home/styles.ts": {"path":"/Users/lucasribeiromoura/DEV/mks-frontend-challenge/src/pages/Home/styles.ts","statementMap":{"0":{"start":{"line":3,"column":25},"end":{"line":12,"column":1}},"1":{"start":{"line":14,"column":20},"end":{"line":20,"column":1}}},"fnMap":{},"branchMap":{},"s":{"0":2,"1":2},"f":{},"b":{},"_coverageSchema":"1a1c01bbd47fc00a2c39e90264f33305004495a9","hash":"13dd4f4f93931d0c90f7a8304a6b9fd983824639"}
,"/Users/lucasribeiromoura/DEV/mks-frontend-challenge/src/redux/reducer/api.ts": {"path":"/Users/lucasribeiromoura/DEV/mks-frontend-challenge/src/redux/reducer/api.ts","statementMap":{"0":{"start":{"line":4,"column":14},"end":{"line":17,"column":2}},"1":{"start":{"line":12,"column":6},"end":{"line":14,"column":8}},"2":{"start":{"line":19,"column":23},"end":{"line":19,"column":36}}},"fnMap":{"0":{"name":"(anonymous_0)","decl":{"start":{"line":11,"column":4},"end":{"line":11,"column":5}},"loc":{"start":{"line":11,"column":49},"end":{"line":15,"column":5}},"line":11}},"branchMap":{},"s":{"0":2,"1":2,"2":2},"f":{"0":2},"b":{},"_coverageSchema":"1a1c01bbd47fc00a2c39e90264f33305004495a9","hash":"40bac032ca1af6f742bb805cd0c9cd377aabeb95"}
,"/Users/lucasribeiromoura/DEV/mks-frontend-challenge/src/redux/reducer/cart.ts": {"path":"/Users/lucasribeiromoura/DEV/mks-frontend-challenge/src/redux/reducer/cart.ts","statementMap":{"0":{"start":{"line":3,"column":14},"end":{"line":16,"column":2}},"1":{"start":{"line":11,"column":6},"end":{"line":13,"column":8}},"2":{"start":{"line":18,"column":24},"end":{"line":18,"column":37}}},"fnMap":{"0":{"name":"(anonymous_0)","decl":{"start":{"line":10,"column":4},"end":{"line":10,"column":5}},"loc":{"start":{"line":10,"column":47},"end":{"line":14,"column":5}},"line":10}},"branchMap":{},"s":{"0":2,"1":4,"2":2},"f":{"0":4},"b":{},"_coverageSchema":"1a1c01bbd47fc00a2c39e90264f33305004495a9","hash":"974aaf4376422070ad4e558599861db8ca632e32"}
,"/Users/lucasribeiromoura/DEV/mks-frontend-challenge/src/redux/reducer/products.ts": {"path":"/Users/lucasribeiromoura/DEV/mks-frontend-challenge/src/redux/reducer/products.ts","statementMap":{"0":{"start":{"line":4,"column":14},"end":{"line":21,"column":2}},"1":{"start":{"line":12,"column":29},"end":{"line":12,"column":50}},"2":{"start":{"line":13,"column":6},"end":{"line":15,"column":9}},"3":{"start":{"line":14,"column":8},"end":{"line":14,"column":27}},"4":{"start":{"line":16,"column":6},"end":{"line":18,"column":8}},"5":{"start":{"line":23,"column":28},"end":{"line":23,"column":41}}},"fnMap":{"0":{"name":"(anonymous_0)","decl":{"start":{"line":11,"column":4},"end":{"line":11,"column":5}},"loc":{"start":{"line":11,"column":59},"end":{"line":19,"column":5}},"line":11},"1":{"name":"(anonymous_1)","decl":{"start":{"line":13,"column":26},"end":{"line":13,"column":27}},"loc":{"start":{"line":13,"column":36},"end":{"line":15,"column":7}},"line":13}},"branchMap":{},"s":{"0":2,"1":15,"2":15,"3":126,"4":15,"5":2},"f":{"0":15,"1":126},"b":{},"_coverageSchema":"1a1c01bbd47fc00a2c39e90264f33305004495a9","hash":"32393cd3e5528408182f772a3507fe667508924c"}
,"/Users/lucasribeiromoura/DEV/mks-frontend-challenge/src/redux/store/index.ts": {"path":"/Users/lucasribeiromoura/DEV/mks-frontend-challenge/src/redux/store/index.ts","statementMap":{"0":{"start":{"line":6,"column":14},"end":{"line":12,"column":2}}},"fnMap":{},"branchMap":{},"s":{"0":2},"f":{},"b":{},"_coverageSchema":"1a1c01bbd47fc00a2c39e90264f33305004495a9","hash":"82086d81c8e7eb53804d6b43e6c205f0ea3ee72f"}
,"/Users/lucasribeiromoura/DEV/mks-frontend-challenge/src/services/api.ts": {"path":"/Users/lucasribeiromoura/DEV/mks-frontend-challenge/src/services/api.ts","statementMap":{"0":{"start":{"line":5,"column":4},"end":{"line":5,"column":113}},"1":{"start":{"line":6,"column":22},"end":{"line":6,"column":38}},"2":{"start":{"line":7,"column":23},"end":{"line":7,"column":47}},"3":{"start":{"line":8,"column":2},"end":{"line":8,"column":18}}},"fnMap":{"0":{"name":"API","decl":{"start":{"line":3,"column":30},"end":{"line":3,"column":33}},"loc":{"start":{"line":3,"column":58},"end":{"line":9,"column":1}},"line":3}},"branchMap":{},"s":{"0":2,"1":2,"2":0,"3":0},"f":{"0":2},"b":{},"_coverageSchema":"1a1c01bbd47fc00a2c39e90264f33305004495a9","hash":"9eb652b726f1be9833a64bb18d0d521d07bd17df"}
,"/Users/lucasribeiromoura/DEV/mks-frontend-challenge/src/tests/utils/acts.ts": {"path":"/Users/lucasribeiromoura/DEV/mks-frontend-challenge/src/tests/utils/acts.ts","statementMap":{"0":{"start":{"line":10,"column":26},"end":{"line":14,"column":1}},"1":{"start":{"line":11,"column":2},"end":{"line":13,"column":5}},"2":{"start":{"line":12,"column":4},"end":{"line":12,"column":18}},"3":{"start":{"line":16,"column":25},"end":{"line":22,"column":1}},"4":{"start":{"line":17,"column":2},"end":{"line":21,"column":5}},"5":{"start":{"line":18,"column":4},"end":{"line":18,"column":57}},"6":{"start":{"line":19,"column":4},"end":{"line":19,"column":62}},"7":{"start":{"line":20,"column":4},"end":{"line":20,"column":42}}},"fnMap":{"0":{"name":"(anonymous_0)","decl":{"start":{"line":10,"column":26},"end":{"line":10,"column":27}},"loc":{"start":{"line":10,"column":50},"end":{"line":14,"column":1}},"line":10},"1":{"name":"(anonymous_1)","decl":{"start":{"line":11,"column":6},"end":{"line":11,"column":7}},"loc":{"start":{"line":11,"column":12},"end":{"line":13,"column":3}},"line":11},"2":{"name":"(anonymous_2)","decl":{"start":{"line":16,"column":25},"end":{"line":16,"column":26}},"loc":{"start":{"line":16,"column":31},"end":{"line":22,"column":1}},"line":16},"3":{"name":"(anonymous_3)","decl":{"start":{"line":17,"column":6},"end":{"line":17,"column":7}},"loc":{"start":{"line":17,"column":12},"end":{"line":21,"column":3}},"line":17}},"branchMap":{},"s":{"0":2,"1":14,"2":14,"3":2,"4":2,"5":2,"6":2,"7":2},"f":{"0":14,"1":14,"2":2,"3":2},"b":{},"_coverageSchema":"1a1c01bbd47fc00a2c39e90264f33305004495a9","hash":"743a78594df571efabc1dd6bce7adf31c834ed84"}
,"/Users/lucasribeiromoura/DEV/mks-frontend-challenge/src/tests/utils/render.tsx": {"path":"/Users/lucasribeiromoura/DEV/mks-frontend-challenge/src/tests/utils/render.tsx","statementMap":{"0":{"start":{"line":6,"column":2},"end":{"line":6,"column":56}}},"fnMap":{"0":{"name":"withRedux","decl":{"start":{"line":5,"column":24},"end":{"line":5,"column":33}},"loc":{"start":{"line":5,"column":62},"end":{"line":7,"column":1}},"line":5}},"branchMap":{},"s":{"0":2},"f":{"0":2},"b":{},"_coverageSchema":"1a1c01bbd47fc00a2c39e90264f33305004495a9","hash":"e8a22287048971b0c40b78b1ed9769fa24474df3"}
}
