TN:
SF:src/App.tsx
FN:7,App
FNF:1
FNH:1
FNDA:2,App
DA:8,2
LF:1
LH:1
BRF:0
BRH:0
end_of_record
TN:
SF:src/index.tsx
FNF:0
FNH:0
DA:8,0
DA:11,0
LF:2
LH:0
BRF:0
BRH:0
end_of_record
TN:
SF:src/components/Cards/CheckoutCard/index.tsx
FN:10,CheckoutCard
FN:13,(anonymous_1)
FN:16,(anonymous_2)
FN:17,(anonymous_3)
FN:19,(anonymous_4)
FN:51,(anonymous_5)
FN:52,(anonymous_6)
FN:65,(anonymous_7)
FN:73,(anonymous_8)
FN:77,(anonymous_9)
FN:88,(anonymous_10)
FNF:11
FNH:11
FNDA:81,CheckoutCard
FNDA:114,(anonymous_1)
FNDA:4,(anonymous_2)
FNDA:32,(anonymous_3)
FNDA:32,(anonymous_4)
FNDA:81,(anonymous_5)
FNDA:480,(anonymous_6)
FNDA:1,(anonymous_7)
FNDA:1,(anonymous_8)
FNDA:1,(anonymous_9)
FNDA:1,(anonymous_10)
DA:11,81
DA:12,81
DA:13,114
DA:16,81
DA:17,32
DA:18,4
DA:19,32
DA:21,4
DA:22,1
DA:26,1
DA:28,4
DA:29,1
DA:33,1
DA:35,4
DA:36,1
DA:40,1
DA:42,4
DA:43,1
DA:47,1
DA:51,81
DA:52,480
DA:53,81
DA:56,81
DA:65,1
DA:73,1
DA:77,1
DA:88,1
LF:27
LH:27
BRDA:21,0,0,1
BRDA:21,0,1,3
BRDA:21,1,0,4
BRDA:21,1,1,1
BRDA:28,2,0,1
BRDA:28,2,1,3
BRDA:28,3,0,4
BRDA:28,3,1,1
BRDA:35,4,0,1
BRDA:35,4,1,3
BRDA:35,5,0,4
BRDA:35,5,1,1
BRDA:42,6,0,1
BRDA:42,6,1,3
BRDA:42,7,0,4
BRDA:42,7,1,1
BRF:16
BRH:16
end_of_record
TN:
SF:src/components/Cards/CheckoutCard/styles.ts
FNF:0
FNH:0
DA:3,2
DA:41,2
DA:55,2
LF:3
LH:3
BRF:0
BRH:0
end_of_record
TN:
SF:src/components/Cards/ProductCard/index.tsx
FN:10,ProductCart
FN:13,(anonymous_1)
FN:16,(anonymous_2)
FN:17,(anonymous_3)
FN:19,(anonymous_4)
FN:42,(anonymous_5)
FNF:6
FNH:6
FNDA:120,ProductCart
FNDA:240,(anonymous_1)
FNDA:9,(anonymous_2)
FNDA:72,(anonymous_3)
FNDA:44,(anonymous_4)
FNDA:9,(anonymous_5)
DA:11,120
DA:12,120
DA:13,240
DA:16,120
DA:17,72
DA:18,9
DA:19,44
DA:21,9
DA:22,9
DA:26,9
DA:30,120
DA:42,9
LF:12
LH:12
BRDA:21,0,0,9
BRDA:21,0,1,0
BRF:2
BRH:1
end_of_record
TN:
SF:src/components/Cards/ProductCard/styles.ts
FNF:0
FNH:0
DA:3,2
DA:30,2
DA:52,2
DA:70,2
LF:4
LH:4
BRF:0
BRH:0
end_of_record
TN:
SF:src/components/Footer/index.tsx
FN:4,Footer
FNF:1
FNH:1
FNDA:2,Footer
DA:5,2
LF:1
LH:1
BRF:0
BRH:0
end_of_record
TN:
SF:src/components/Footer/styles.ts
FNF:0
FNH:0
DA:3,2
LF:1
LH:1
BRF:0
BRH:0
end_of_record
TN:
SF:src/components/Header/index.tsx
FN:8,Header
FN:10,(anonymous_1)
FN:12,(anonymous_2)
FN:22,(anonymous_3)
FN:28,(anonymous_4)
FNF:5
FNH:5
FNDA:17,Header
FNDA:32,(anonymous_1)
FNDA:32,(anonymous_2)
FNDA:1,(anonymous_3)
FNDA:136,(anonymous_4)
DA:9,17
DA:10,32
DA:12,32
DA:13,17
DA:15,17
DA:22,1
DA:28,136
LF:7
LH:7
BRF:0
BRH:0
end_of_record
TN:
SF:src/components/Header/styles.ts
FNF:0
FNH:0
DA:3,2
DA:12,2
DA:32,2
LF:3
LH:3
BRF:0
BRH:0
end_of_record
TN:
SF:src/components/Loading/index.tsx
FN:4,Loading
FNF:1
FNH:0
FNDA:0,Loading
DA:5,0
LF:1
LH:0
BRF:0
BRH:0
end_of_record
TN:
SF:src/interfaces/IProducts.ts
FNF:0
FNH:0
LF:0
LH:0
BRF:0
BRH:0
end_of_record
TN:
SF:src/interfaces/IProductsProps.ts
FNF:0
FNH:0
LF:0
LH:0
BRF:0
BRH:0
end_of_record
TN:
SF:src/pages/Cart/index.tsx
FN:10,Cart
FN:12,(anonymous_1)
FN:14,(anonymous_2)
FN:18,(anonymous_3)
FN:19,(anonymous_4)
FN:21,(anonymous_5)
FN:35,(anonymous_6)
FN:44,(anonymous_7)
FN:45,(anonymous_8)
FNF:9
FNH:9
FNDA:32,Cart
FNDA:47,(anonymous_1)
FNDA:47,(anonymous_2)
FNDA:15,(anonymous_3)
FNDA:15,(anonymous_4)
FNDA:120,(anonymous_5)
FNDA:1,(anonymous_6)
FNDA:256,(anonymous_7)
FNDA:81,(anonymous_8)
DA:11,32
DA:12,47
DA:14,47
DA:15,32
DA:16,32
DA:18,32
DA:19,15
DA:20,15
DA:21,120
DA:24,15
DA:27,15
DA:30,32
DA:35,1
DA:44,256
DA:46,81
LF:15
LH:15
BRDA:42,0,0,32
BRDA:42,0,1,32
BRF:2
BRH:2
end_of_record
TN:
SF:src/pages/Cart/styles.ts
FN:14,(anonymous_0)
FNF:1
FNH:1
FNDA:32,(anonymous_0)
DA:3,2
DA:14,32
DA:16,2
DA:38,2
DA:66,2
DA:98,2
LF:6
LH:6
BRDA:14,0,0,23
BRDA:14,0,1,9
BRF:2
BRH:2
end_of_record
TN:
SF:src/pages/Home/index.tsx
FN:12,Home
FN:14,(anonymous_1)
FN:16,(anonymous_2)
FN:17,(anonymous_3)
FN:19,(anonymous_4)
FN:36,(anonymous_5)
FNF:6
FNH:5
FNDA:2,Home
FNDA:17,(anonymous_1)
FNDA:2,(anonymous_2)
FNDA:2,(anonymous_3)
FNDA:0,(anonymous_4)
FNDA:16,(anonymous_5)
DA:13,2
DA:14,17
DA:16,2
DA:17,2
DA:18,2
DA:19,0
DA:20,0
DA:25,0
DA:26,0
DA:28,2
DA:31,2
DA:37,16
LF:12
LH:8
BRDA:34,0,0,2
BRDA:34,0,1,0
BRDA:35,1,0,2
BRDA:35,1,1,2
BRF:4
BRH:3
end_of_record
TN:
SF:src/pages/Home/styles.ts
FNF:0
FNH:0
DA:3,2
DA:14,2
LF:2
LH:2
BRF:0
BRH:0
end_of_record
TN:
SF:src/redux/reducer/api.ts
FN:11,(anonymous_0)
FNF:1
FNH:1
FNDA:2,(anonymous_0)
DA:4,2
DA:12,2
DA:19,2
LF:3
LH:3
BRF:0
BRH:0
end_of_record
TN:
SF:src/redux/reducer/cart.ts
FN:10,(anonymous_0)
FNF:1
FNH:1
FNDA:4,(anonymous_0)
DA:3,2
DA:11,4
DA:18,2
LF:3
LH:3
BRF:0
BRH:0
end_of_record
TN:
SF:src/redux/reducer/products.ts
FN:11,(anonymous_0)
FN:13,(anonymous_1)
FNF:2
FNH:2
FNDA:15,(anonymous_0)
FNDA:126,(anonymous_1)
DA:4,2
DA:12,15
DA:13,15
DA:14,126
DA:16,15
DA:23,2
LF:6
LH:6
BRF:0
BRH:0
end_of_record
TN:
SF:src/redux/store/index.ts
FNF:0
FNH:0
DA:6,2
LF:1
LH:1
BRF:0
BRH:0
end_of_record
TN:
SF:src/services/api.ts
FN:3,API
FNF:1
FNH:1
FNDA:2,API
DA:5,2
DA:6,2
DA:7,0
DA:8,0
LF:4
LH:2
BRF:0
BRH:0
end_of_record
TN:
SF:src/tests/utils/acts.ts
FN:10,(anonymous_0)
FN:11,(anonymous_1)
FN:16,(anonymous_2)
FN:17,(anonymous_3)
FNF:4
FNH:4
FNDA:14,(anonymous_0)
FNDA:14,(anonymous_1)
FNDA:2,(anonymous_2)
FNDA:2,(anonymous_3)
DA:10,2
DA:11,14
DA:12,14
DA:16,2
DA:17,2
DA:18,2
DA:19,2
DA:20,2
LF:8
LH:8
BRF:0
BRH:0
end_of_record
TN:
SF:src/tests/utils/render.tsx
FN:5,withRedux
FNF:1
FNH:1
FNDA:2,withRedux
DA:6,2
LF:1
LH:1
BRF:0
BRH:0
end_of_record
